<?xml version="1.0" encoding="UTF-8"?>
<!-- Generated by org.testng.reporters.JUnitXMLReporter -->
<testsuite ignored="0" hostname="LAPTOP-HGO69DMD" failures="0" tests="4" name="Default test" time="8.242" errors="0" timestamp="2024-11-27T17:45:15 IST">
  <testcase classname="api.tests.UserTests" name="testPostUser" time="3.093"/>
  <testcase classname="api.tests.UserTests" name="testgetuser" time="1.076"/>
  <testcase classname="api.tests.UserTests" name="testupdateuser" time="2.095"/>
  <testcase classname="api.tests.UserTests" name="testdeleteuser" time="1.065"/>
</testsuite> <!-- Default test -->
