<?xml version="1.0" encoding="UTF-8"?>
<!-- Generated by org.testng.reporters.JUnitXMLReporter -->
<testsuite ignored="0" hostname="LAPTOP-HGO69DMD" failures="0" tests="4" name="Test" time="8.039" errors="0" timestamp="2024-11-27T17:23:52 IST">
  <testcase classname="api.tests.UserTests" name="testPostUser" time="3.162"/>
  <testcase classname="api.tests.UserTests" name="testgetuser" time="1.066"/>
  <testcase classname="api.tests.UserTests" name="testupdateuser" time="2.096"/>
  <testcase classname="api.tests.UserTests" name="testdeleteuser" time="1.034"/>
</testsuite> <!-- Test -->
