<?xml version="1.0" encoding="UTF-8"?>
<!-- Generated by org.testng.reporters.JUnitXMLReporter -->
<testsuite ignored="0" hostname="LAPTOP-HGO69DMD" failures="0" tests="4" name="Test" time="8.181" errors="0" timestamp="2024-11-27T18:10:11 IST">
  <testcase classname="api.tests.UserTests" name="testPostUser" time="2.956"/>
  <testcase classname="api.tests.UserTests" name="testgetuser" time="1.084"/>
  <testcase classname="api.tests.UserTests" name="testupdateuser" time="2.083"/>
  <testcase classname="api.tests.UserTests" name="testdeleteuser" time="1.036"/>
</testsuite> <!-- Test -->
