<?xml version="1.0" encoding="UTF-8"?>
<testng-results ignored="0" total="4" passed="4" failed="0" skipped="0">
  <reporter-output>
  </reporter-output>
  <suite started-at="2024-11-27T18:10:03 IST" name="Suite" finished-at="2024-11-27T18:10:11 IST" duration-ms="8181">
    <groups>
    </groups>
    <test started-at="2024-11-27T18:10:03 IST" name="Test" finished-at="2024-11-27T18:10:11 IST" duration-ms="8181">
      <class name="api.tests.UserTests">
        <test-method is-config="true" signature="setupData()[pri:0, instance:api.tests.UserTests@5f058f00]" started-at="2024-11-27T18:10:03 IST" name="setupData" finished-at="2024-11-27T18:10:04 IST" duration-ms="725" status="PASS">
          <reporter-output>
          </reporter-output>
        </test-method> <!-- setupData -->
        <test-method signature="testPostUser()[pri:1, instance:api.tests.UserTests@5f058f00]" started-at="2024-11-27T18:10:04 IST" name="testPostUser" finished-at="2024-11-27T18:10:07 IST" duration-ms="2956" status="PASS">
          <reporter-output>
          </reporter-output>
        </test-method> <!-- testPostUser -->
        <test-method signature="testgetuser()[pri:2, instance:api.tests.UserTests@5f058f00]" started-at="2024-11-27T18:10:07 IST" name="testgetuser" finished-at="2024-11-27T18:10:08 IST" duration-ms="1084" status="PASS">
          <reporter-output>
          </reporter-output>
        </test-method> <!-- testgetuser -->
        <test-method signature="testupdateuser()[pri:3, instance:api.tests.UserTests@5f058f00]" started-at="2024-11-27T18:10:08 IST" name="testupdateuser" finished-at="2024-11-27T18:10:10 IST" duration-ms="2083" status="PASS">
          <reporter-output>
          </reporter-output>
        </test-method> <!-- testupdateuser -->
        <test-method signature="testdeleteuser()[pri:4, instance:api.tests.UserTests@5f058f00]" started-at="2024-11-27T18:10:10 IST" name="testdeleteuser" finished-at="2024-11-27T18:10:11 IST" duration-ms="1036" status="PASS">
          <reporter-output>
          </reporter-output>
        </test-method> <!-- testdeleteuser -->
      </class> <!-- api.tests.UserTests -->
    </test> <!-- Test -->
  </suite> <!-- Suite -->
</testng-results>
