<?xml version="1.0" encoding="UTF-8"?>
<testng-results ignored="0" total="4" passed="4" failed="0" skipped="0">
  <reporter-output>
  </reporter-output>
  <suite started-at="2024-11-27T17:45:07 IST" name="Default suite" finished-at="2024-11-27T17:45:15 IST" duration-ms="8242">
    <groups>
    </groups>
    <test started-at="2024-11-27T17:45:07 IST" name="Default test" finished-at="2024-11-27T17:45:15 IST" duration-ms="8242">
      <class name="api.tests.UserTests">
        <test-method is-config="true" signature="setupData()[pri:0, instance:api.tests.UserTests@3febb011]" started-at="2024-11-27T17:45:07 IST" name="setupData" finished-at="2024-11-27T17:45:08 IST" duration-ms="856" status="PASS">
          <reporter-output>
          </reporter-output>
        </test-method> <!-- setupData -->
        <test-method signature="testPostUser()[pri:1, instance:api.tests.UserTests@3febb011]" started-at="2024-11-27T17:45:08 IST" name="testPostUser" finished-at="2024-11-27T17:45:11 IST" duration-ms="3093" status="PASS">
          <reporter-output>
          </reporter-output>
        </test-method> <!-- testPostUser -->
        <test-method signature="testgetuser()[pri:2, instance:api.tests.UserTests@3febb011]" started-at="2024-11-27T17:45:11 IST" name="testgetuser" finished-at="2024-11-27T17:45:12 IST" duration-ms="1076" status="PASS">
          <reporter-output>
          </reporter-output>
        </test-method> <!-- testgetuser -->
        <test-method signature="testupdateuser()[pri:3, instance:api.tests.UserTests@3febb011]" started-at="2024-11-27T17:45:12 IST" name="testupdateuser" finished-at="2024-11-27T17:45:14 IST" duration-ms="2095" status="PASS">
          <reporter-output>
          </reporter-output>
        </test-method> <!-- testupdateuser -->
        <test-method signature="testdeleteuser()[pri:4, instance:api.tests.UserTests@3febb011]" started-at="2024-11-27T17:45:14 IST" name="testdeleteuser" finished-at="2024-11-27T17:45:15 IST" duration-ms="1065" status="PASS">
          <reporter-output>
          </reporter-output>
        </test-method> <!-- testdeleteuser -->
      </class> <!-- api.tests.UserTests -->
    </test> <!-- Default test -->
  </suite> <!-- Default suite -->
</testng-results>
